<?xml version="1.0" encoding="UTF-8"?>
<!-- Generated by org.testng.reporters.JUnitReportReporter -->
<testsuite skipped="0" hostname="WKWIN1197952" name="com.framework.smoke.TestCase1" tests="2" failures="0" timestamp="01 Jan 2020 05:45:06 GMT" time="159.514" errors="0">
  <testcase name="test_1" time="80.846" classname="com.framework.smoke.TestCase1"/>
  <testcase name="test_1" time="78.668" classname="com.framework.smoke.TestCase1"/>
</testsuite> <!-- com.framework.smoke.TestCase1 -->
